<?xml version="1.0" encoding="UTF-8"?>
<testng-results ignored="0" total="1" passed="1" failed="0" skipped="0">
  <reporter-output>
  </reporter-output>
  <suite started-at="2021-01-28T22:25:38 MST" name="Default suite" finished-at="2021-01-28T22:27:12 MST" duration-ms="94818">
    <groups>
    </groups>
    <test started-at="2021-01-28T22:25:38 MST" name="Default test" finished-at="2021-01-28T22:27:12 MST" duration-ms="94818">
      <class name="ProgressiveProjectTest.ProgressiveHomePageTest">
        <test-method is-config="true" signature="setUpTest()[pri:0, instance:ProgressiveProjectTest.ProgressiveHomePageTest@13b13b5d]" started-at="2021-01-28T22:25:38 MST" name="setUpTest" finished-at="2021-01-28T22:25:43 MST" duration-ms="5083" status="PASS">
          <reporter-output>
          </reporter-output>
        </test-method> <!-- setUpTest -->
        <test-method signature="AutoQuoteTest()[pri:0, instance:ProgressiveProjectTest.ProgressiveHomePageTest@13b13b5d]" started-at="2021-01-28T22:25:43 MST" name="AutoQuoteTest" finished-at="2021-01-28T22:27:11 MST" duration-ms="88078" status="PASS">
          <reporter-output>
          </reporter-output>
        </test-method> <!-- AutoQuoteTest -->
        <test-method is-config="true" signature="Aftertest()[pri:0, instance:ProgressiveProjectTest.ProgressiveHomePageTest@13b13b5d]" started-at="2021-01-28T22:27:11 MST" name="Aftertest" finished-at="2021-01-28T22:27:12 MST" duration-ms="1615" status="PASS">
          <reporter-output>
          </reporter-output>
        </test-method> <!-- Aftertest -->
      </class> <!-- ProgressiveProjectTest.ProgressiveHomePageTest -->
    </test> <!-- Default test -->
  </suite> <!-- Default suite -->
</testng-results>
